<?xml version="1.0" encoding="UTF-8"?>
<testng-results skipped="0" failed="0" ignored="0" total="2" passed="2">
  <reporter-output>
  </reporter-output>
  <suite name="Default suite" duration-ms="33427" started-at="2017-11-24T05:30:52Z" finished-at="2017-11-24T05:31:25Z">
    <groups>
    </groups>
    <test name="Default test" duration-ms="33427" started-at="2017-11-24T05:30:52Z" finished-at="2017-11-24T05:31:25Z">
      <class name="com.portfolio1.testcases.Testcases">
        <test-method status="PASS" signature="setup()[pri:0, instance:com.portfolio1.testcases.Testcases@6f7fd0e6]" name="setup" is-config="true" duration-ms="12396" started-at="2017-11-24T00:30:52Z" finished-at="2017-11-24T00:31:04Z">
          <reporter-output>
          </reporter-output>
        </test-method> <!-- setup -->
        <test-method status="PASS" signature="firsttest()[pri:0, instance:com.portfolio1.testcases.Testcases@6f7fd0e6]" name="firsttest" duration-ms="16114" started-at="2017-11-24T00:31:04Z" finished-at="2017-11-24T00:31:20Z">
          <reporter-output>
          </reporter-output>
        </test-method> <!-- firsttest -->
        <test-method status="PASS" signature="secondtest()[pri:0, instance:com.portfolio1.testcases.Testcases@6f7fd0e6]" name="secondtest" duration-ms="4128" started-at="2017-11-24T00:31:20Z" finished-at="2017-11-24T00:31:24Z">
          <reporter-output>
          </reporter-output>
        </test-method> <!-- secondtest -->
        <test-method status="PASS" signature="teardown()[pri:0, instance:com.portfolio1.testcases.Testcases@6f7fd0e6]" name="teardown" is-config="true" duration-ms="718" started-at="2017-11-24T00:31:24Z" finished-at="2017-11-24T00:31:25Z">
          <reporter-output>
          </reporter-output>
        </test-method> <!-- teardown -->
      </class> <!-- com.portfolio1.testcases.Testcases -->
    </test> <!-- Default test -->
  </suite> <!-- Default suite -->
</testng-results>
